<?xml version="1.0" encoding="UTF-8"?>
<testsuite xmlns:xsi="http://www.w3.org/2001/XMLSchema-instance" xsi:noNamespaceSchemaLocation="https://maven.apache.org/surefire/maven-surefire-plugin/xsd/surefire-test-report.xsd" name="com.GripperPlug.thenewapp.impl.AppTest" time="0.042" tests="1" errors="0" skipped="0" failures="0">
  <properties>
    <property name="java.vm.info" value="mixed mode, sharing"/>
    <property name="file.encoding.pkg" value="sun.io"/>
    <property name="file.encoding" value="UTF-8"/>
    <property name="java.specification.name" value="Java Platform API Specification"/>
    <property name="line.separator" value="&#10;"/>
    <property name="sun.os.patch.level" value="unknown"/>
    <property name="user.dir" value="/home/ur/Projekt/2_semesterprojekt/com.GripperPlug.thenewapp"/>
    <property name="java.home" value="/usr/lib/jvm/java-6-openjdk-i386/jre"/>
    <property name="user.name" value="ur"/>
    <property name="sun.boot.library.path" value="/usr/lib/jvm/java-6-openjdk-i386/jre/lib/i386"/>
    <property name="user.home" value="/home/ur"/>
    <property name="localRepository" value="/home/ur/.m2/repository"/>
    <property name="sun.java.launcher" value="SUN_STANDARD"/>
    <property name="java.class.version" value="50.0"/>
    <property name="user.language" value="en"/>
    <property name="java.vendor.url.bug" value="http://java.sun.com/cgi-bin/bugreport.cgi"/>
    <property name="sun.jnu.encoding" value="UTF-8"/>
    <property name="java.io.tmpdir" value="/tmp"/>
    <property name="java.specification.vendor" value="Sun Microsystems Inc."/>
    <property name="file.separator" value="/"/>
    <property name="java.class.path" value="/home/ur/Projekt/2_semesterprojekt/com.GripperPlug.thenewapp/target/test-classes:/home/ur/Projekt/2_semesterprojekt/com.GripperPlug.thenewapp/target/classes:/home/ur/.m2/repository/org/osgi/org.osgi.core/4.3.0/org.osgi.core-4.3.0.jar:/home/ur/.m2/repository/com/ur/urcap/api/1.2.56/api-1.2.56.jar:/home/ur/.m2/repository/junit/junit/4.12/junit-4.12.jar:/home/ur/.m2/repository/org/hamcrest/hamcrest-core/1.3/hamcrest-core-1.3.jar:"/>
    <property name="java.vm.vendor" value="Sun Microsystems Inc."/>
    <property name="sun.cpu.endian" value="little"/>
    <property name="java.vm.specification.vendor" value="Sun Microsystems Inc."/>
    <property name="java.specification.version" value="1.6"/>
    <property name="sun.java.command" value="/home/ur/Projekt/2_semesterprojekt/com.GripperPlug.thenewapp/target/surefire/surefirebooter9018987092767324145.jar /home/ur/Projekt/2_semesterprojekt/com.GripperPlug.thenewapp/target/surefire 2018-03-12T11-27-02_822-jvmRun1 surefire1327578007813462298tmp surefire_05248501143543998801tmp"/>
    <property name="user.timezone" value=""/>
    <property name="java.runtime.version" value="1.6.0_41-b41"/>
    <property name="surefire.test.class.path" value="/home/ur/Projekt/2_semesterprojekt/com.GripperPlug.thenewapp/target/test-classes:/home/ur/Projekt/2_semesterprojekt/com.GripperPlug.thenewapp/target/classes:/home/ur/.m2/repository/org/osgi/org.osgi.core/4.3.0/org.osgi.core-4.3.0.jar:/home/ur/.m2/repository/com/ur/urcap/api/1.2.56/api-1.2.56.jar:/home/ur/.m2/repository/junit/junit/4.12/junit-4.12.jar:/home/ur/.m2/repository/org/hamcrest/hamcrest-core/1.3/hamcrest-core-1.3.jar:"/>
    <property name="java.vendor" value="Sun Microsystems Inc."/>
    <property name="sun.management.compiler" value="HotSpot Client Compiler"/>
    <property name="sun.arch.data.model" value="32"/>
    <property name="os.arch" value="i386"/>
    <property name="sun.io.unicode.encoding" value="UnicodeLittle"/>
    <property name="java.awt.printerjob" value="sun.print.PSPrinterJob"/>
    <property name="path.separator" value=":"/>
    <property name="java.vendor.url" value="http://java.sun.com/"/>
    <property name="java.runtime.name" value="OpenJDK Runtime Environment"/>
    <property name="sun.boot.class.path" value="/usr/lib/jvm/java-6-openjdk-i386/jre/lib/resources.jar:/usr/lib/jvm/java-6-openjdk-i386/jre/lib/rt.jar:/usr/lib/jvm/java-6-openjdk-i386/jre/lib/sunrsasign.jar:/usr/lib/jvm/java-6-openjdk-i386/jre/lib/jsse.jar:/usr/lib/jvm/java-6-openjdk-i386/jre/lib/jce.jar:/usr/lib/jvm/java-6-openjdk-i386/jre/lib/charsets.jar:/usr/lib/jvm/java-6-openjdk-i386/jre/lib/jfr.jar:/usr/lib/jvm/java-6-openjdk-i386/jre/lib/netx.jar:/usr/lib/jvm/java-6-openjdk-i386/jre/lib/plugin.jar:/usr/lib/jvm/java-6-openjdk-i386/jre/lib/rhino.jar:/usr/lib/jvm/java-6-openjdk-i386/jre/classes"/>
    <property name="surefire.real.class.path" value="/home/ur/Projekt/2_semesterprojekt/com.GripperPlug.thenewapp/target/surefire/surefirebooter9018987092767324145.jar"/>
    <property name="java.endorsed.dirs" value="/usr/lib/jvm/java-6-openjdk-i386/jre/lib/endorsed"/>
    <property name="java.vm.version" value="23.41-b41"/>
    <property name="os.name" value="Linux"/>
    <property name="java.vm.specification.version" value="1.0"/>
    <property name="sun.cpu.isalist" value=""/>
    <property name="java.version" value="1.6.0_41"/>
    <property name="java.vm.specification.name" value="Java Virtual Machine Specification"/>
    <property name="java.ext.dirs" value="/usr/lib/jvm/java-6-openjdk-i386/jre/lib/ext:/usr/java/packages/lib/ext"/>
    <property name="os.version" value="3.13.0-68-generic"/>
    <property name="basedir" value="/home/ur/Projekt/2_semesterprojekt/com.GripperPlug.thenewapp"/>
    <property name="java.library.path" value="/usr/lib/jvm/java-6-openjdk-i386/jre/lib/i386/client:/usr/lib/jvm/java-6-openjdk-i386/jre/lib/i386:/usr/lib/jvm/java-6-openjdk-i386/jre/../lib/i386:/usr/java/packages/lib/i386:/usr/lib/i386-linux-gnu/jni:/lib/i386-linux-gnu:/usr/lib/i386-linux-gnu:/usr/lib/jni:/lib:/usr/lib"/>
    <property name="java.awt.graphicsenv" value="sun.awt.X11GraphicsEnvironment"/>
    <property name="java.vm.name" value="OpenJDK Client VM"/>
    <property name="user.country" value="US"/>
  </properties>
  <testcase name="testApp" classname="com.GripperPlug.thenewapp.impl.AppTest" time="0.002"/>
</testsuite>